<?xml version="1.0" encoding="UTF-8"?>
<testng-results skipped="0" failed="0" total="1" passed="1">
  <reporter-output>
  </reporter-output>
  <suite name="Default suite" duration-ms="24231" started-at="2018-07-24T11:47:10Z" finished-at="2018-07-24T11:47:34Z">
    <groups>
    </groups>
    <test name="Default test" duration-ms="24231" started-at="2018-07-24T11:47:10Z" finished-at="2018-07-24T11:47:34Z">
      <class name="neogrowth.test.loginNG">
        <test-method status="PASS" signature="BeforeTest()[pri:0, instance:neogrowth.test.loginNG@42d80b78]" name="BeforeTest" is-config="true" duration-ms="6612" started-at="2018-07-24T17:17:10Z" finished-at="2018-07-24T17:17:17Z">
          <reporter-output>
          </reporter-output>
        </test-method> <!-- BeforeTest -->
        <test-method status="PASS" signature="launchBrowser()[pri:0, instance:neogrowth.test.loginNG@42d80b78]" name="launchBrowser" is-config="true" duration-ms="9748" started-at="2018-07-24T17:17:17Z" finished-at="2018-07-24T17:17:27Z">
          <reporter-output>
          </reporter-output>
        </test-method> <!-- launchBrowser -->
        <test-method status="PASS" signature="test()[pri:0, instance:neogrowth.test.loginNG@42d80b78]" name="test" duration-ms="7854" started-at="2018-07-24T17:17:27Z" finished-at="2018-07-24T17:17:34Z">
          <reporter-output>
          </reporter-output>
        </test-method> <!-- test -->
        <test-method status="PASS" signature="configAC()[pri:0, instance:neogrowth.test.loginNG@42d80b78]" name="configAC" is-config="true" duration-ms="1" started-at="2018-07-24T17:17:34Z" finished-at="2018-07-24T17:17:34Z">
          <reporter-output>
          </reporter-output>
        </test-method> <!-- configAC -->
      </class> <!-- neogrowth.test.loginNG -->
    </test> <!-- Default test -->
  </suite> <!-- Default suite -->
</testng-results>
